# JRE version: Java(TM) SE Runtime Environment (8.0_66-b18) (build 1.8.0_66-b18)
# Java VM: Java HotSpot(TM) 64-Bit Server VM (25.66-b18 mixed mode windows-amd64 compressed oops)
Heap:
 PSYoungGen      total 54272K, used 45035K [0x00000007bc400000, 0x00000007c0000000, 0x00000007c0000000)
  eden space 46592K, 89% used [0x00000007bc400000,0x00000007becac0f0,0x00000007bf180000)
  from space 7680K, 44% used [0x00000007bf880000,0x00000007bfbcee60,0x00000007c0000000)
  to   space 7168K, 0% used [0x00000007bf180000,0x00000007bf180000,0x00000007bf880000)
 ParOldGen       total 174592K, used 46973K [0x0000000700000000, 0x000000070aa80000, 0x00000007bc400000)
  object space 174592K, 26% used [0x0000000700000000,0x0000000702ddf438,0x000000070aa80000)
 Metaspace       used 56385K, capacity 56985K, committed 57600K, reserved 1099776K
  class space    used 7717K, capacity 7836K, committed 7936K, reserved 1048576K
GC Heap History (10 events):
Event: 4724.761 GC heap before
{Heap before GC invocations=136 (full 8):
 PSYoungGen      total 52224K, used 45372K [0x00000007bc400000, 0x00000007c0000000, 0x00000007c0000000)
  eden space 43008K, 100% used [0x00000007bc400000,0x00000007bee00000,0x00000007bee00000)
  from space 9216K, 25% used [0x00000007bee00000,0x00000007bf04f260,0x00000007bf700000)
  to   space 9216K, 0% used [0x00000007bf700000,0x00000007bf700000,0x00000007c0000000)
 ParOldGen       total 174592K, used 46957K [0x0000000700000000, 0x000000070aa80000, 0x00000007bc400000)
  object space 174592K, 26% used [0x0000000700000000,0x0000000702ddb438,0x000000070aa80000)
 Metaspace       used 56312K, capacity 56909K, committed 57600K, reserved 1099776K
  class space    used 7716K, capacity 7834K, committed 7936K, reserved 1048576K
Event: 4724.765 GC heap after
Heap after GC invocations=136 (full 8):
 PSYoungGen      total 52736K, used 3335K [0x00000007bc400000, 0x00000007c0000000, 0x00000007c0000000)
  eden space 43520K, 0% used [0x00000007bc400000,0x00000007bc400000,0x00000007bee80000)
  from space 9216K, 36% used [0x00000007bf700000,0x00000007bfa41ce0,0x00000007c0000000)
  to   space 8704K, 0% used [0x00000007bee80000,0x00000007bee80000,0x00000007bf700000)
 ParOldGen       total 174592K, used 46965K [0x0000000700000000, 0x000000070aa80000, 0x00000007bc400000)
  object space 174592K, 26% used [0x0000000700000000,0x0000000702ddd438,0x000000070aa80000)
 Metaspace       used 56312K, capacity 56909K, committed 57600K, reserved 1099776K
  class space    used 7716K, capacity 7834K, committed 7936K, reserved 1048576K
}
Event: 4725.798 GC heap before
{Heap before GC invocations=137 (full 8):
 PSYoungGen      total 52736K, used 46855K [0x00000007bc400000, 0x00000007c0000000, 0x00000007c0000000)
  eden space 43520K, 100% used [0x00000007bc400000,0x00000007bee80000,0x00000007bee80000)
  from space 9216K, 36% used [0x00000007bf700000,0x00000007bfa41ce0,0x00000007c0000000)
  to   space 8704K, 0% used [0x00000007bee80000,0x00000007bee80000,0x00000007bf700000)
 ParOldGen       total 174592K, used 46965K [0x0000000700000000, 0x000000070aa80000, 0x00000007bc400000)
  object space 174592K, 26% used [0x0000000700000000,0x0000000702ddd438,0x000000070aa80000)
 Metaspace       used 56312K, capacity 56909K, committed 57600K, reserved 1099776K
  class space    used 7716K, capacity 7834K, committed 7936K, reserved 1048576K
Event: 4725.801 GC heap after
Heap after GC invocations=137 (full 8):
 PSYoungGen      total 52224K, used 2668K [0x00000007bc400000, 0x00000007c0000000, 0x00000007c0000000)
  eden space 43520K, 0% used [0x00000007bc400000,0x00000007bc400000,0x00000007bee80000)
  from space 8704K, 30% used [0x00000007bee80000,0x00000007bf11b358,0x00000007bf700000)
  to   space 8192K, 0% used [0x00000007bf800000,0x00000007bf800000,0x00000007c0000000)
 ParOldGen       total 174592K, used 46965K [0x0000000700000000, 0x000000070aa80000, 0x00000007bc400000)
  object space 174592K, 26% used [0x0000000700000000,0x0000000702ddd438,0x000000070aa80000)
 Metaspace       used 56312K, capacity 56909K, committed 57600K, reserved 1099776K
  class space    used 7716K, capacity 7834K, committed 7936K, reserved 1048576K
}
Event: 4726.181 GC heap before
{Heap before GC invocations=138 (full 8):
 PSYoungGen      total 52224K, used 46188K [0x00000007bc400000, 0x00000007c0000000, 0x00000007c0000000)
  eden space 43520K, 100% used [0x00000007bc400000,0x00000007bee80000,0x00000007bee80000)
  from space 8704K, 30% used [0x00000007bee80000,0x00000007bf11b358,0x00000007bf700000)
  to   space 8192K, 0% used [0x00000007bf800000,0x00000007bf800000,0x00000007c0000000)
 ParOldGen       total 174592K, used 46965K [0x0000000700000000, 0x000000070aa80000, 0x00000007bc400000)
  object space 174592K, 26% used [0x0000000700000000,0x0000000702ddd438,0x000000070aa80000)
 Metaspace       used 56316K, capacity 56915K, committed 57600K, reserved 1099776K
  class space    used 7716K, capacity 7835K, committed 7936K, reserved 1048576K
Event: 4726.185 GC heap after
Heap after GC invocations=138 (full 8):
 PSYoungGen      total 53248K, used 2697K [0x00000007bc400000, 0x00000007c0000000, 0x00000007c0000000)
  eden space 45056K, 0% used [0x00000007bc400000,0x00000007bc400000,0x00000007bf000000)
  from space 8192K, 32% used [0x00000007bf800000,0x00000007bfaa2728,0x00000007c0000000)
  to   space 8192K, 0% used [0x00000007bf000000,0x00000007bf000000,0x00000007bf800000)
 ParOldGen       total 174592K, used 46973K [0x0000000700000000, 0x000000070aa80000, 0x00000007bc400000)
  object space 174592K, 26% used [0x0000000700000000,0x0000000702ddf438,0x000000070aa80000)
 Metaspace       used 56316K, capacity 56915K, committed 57600K, reserved 1099776K
  class space    used 7716K, capacity 7835K, committed 7936K, reserved 1048576K
}
Event: 4734.915 GC heap before
{Heap before GC invocations=139 (full 8):
 PSYoungGen      total 53248K, used 47753K [0x00000007bc400000, 0x00000007c0000000, 0x00000007c0000000)
  eden space 45056K, 100% used [0x00000007bc400000,0x00000007bf000000,0x00000007bf000000)
  from space 8192K, 32% used [0x00000007bf800000,0x00000007bfaa2728,0x00000007c0000000)
  to   space 8192K, 0% used [0x00000007bf000000,0x00000007bf000000,0x00000007bf800000)
 ParOldGen       total 174592K, used 46973K [0x0000000700000000, 0x000000070aa80000, 0x00000007bc400000)
  object space 174592K, 26% used [0x0000000700000000,0x0000000702ddf438,0x000000070aa80000)
 Metaspace       used 56351K, capacity 56985K, committed 57600K, reserved 1099776K
  class space    used 7717K, capacity 7836K, committed 7936K, reserved 1048576K
Event: 4734.919 GC heap after
Heap after GC invocations=139 (full 8):
 PSYoungGen      total 53248K, used 3431K [0x00000007bc400000, 0x00000007c0000000, 0x00000007c0000000)
  eden space 45056K, 0% used [0x00000007bc400000,0x00000007bc400000,0x00000007bf000000)
  from space 8192K, 41% used [0x00000007bf000000,0x00000007bf359ce0,0x00000007bf800000)
  to   space 7680K, 0% used [0x00000007bf880000,0x00000007bf880000,0x00000007c0000000)
 ParOldGen       total 174592K, used 46973K [0x0000000700000000, 0x000000070aa80000, 0x00000007bc400000)
  object space 174592K, 26% used [0x0000000700000000,0x0000000702ddf438,0x000000070aa80000)
 Metaspace       used 56351K, capacity 56985K, committed 57600K, reserved 1099776K
  class space    used 7717K, capacity 7836K, committed 7936K, reserved 1048576K
}
Event: 4736.361 GC heap before
{Heap before GC invocations=140 (full 8):
 PSYoungGen      total 53248K, used 48487K [0x00000007bc400000, 0x00000007c0000000, 0x00000007c0000000)
  eden space 45056K, 100% used [0x00000007bc400000,0x00000007bf000000,0x00000007bf000000)
  from space 8192K, 41% used [0x00000007bf000000,0x00000007bf359ce0,0x00000007bf800000)
  to   space 7680K, 0% used [0x00000007bf880000,0x00000007bf880000,0x00000007c0000000)
 ParOldGen       total 174592K, used 46973K [0x0000000700000000, 0x000000070aa80000, 0x00000007bc400000)
  object space 174592K, 26% used [0x0000000700000000,0x0000000702ddf438,0x000000070aa80000)
 Metaspace       used 56372K, capacity 56985K, committed 57600K, reserved 1099776K
  class space    used 7717K, capacity 7836K, committed 7936K, reserved 1048576K
Event: 4736.364 GC heap after
Heap after GC invocations=140 (full 8):
 PSYoungGen      total 54272K, used 3387K [0x00000007bc400000, 0x00000007c0000000, 0x00000007c0000000)
  eden space 46592K, 0% used [0x00000007bc400000,0x00000007bc400000,0x00000007bf180000)
  from space 7680K, 44% used [0x00000007bf880000,0x00000007bfbcee60,0x00000007c0000000)
  to   space 7168K, 0% used [0x00000007bf180000,0x00000007bf180000,0x00000007bf880000)
 ParOldGen       total 174592K, used 46973K [0x0000000700000000, 0x000000070aa80000, 0x00000007bc400000)
  object space 174592K, 26% used [0x0000000700000000,0x0000000702ddf438,0x000000070aa80000)
 Metaspace       used 56372K, capacity 56985K, committed 57600K, reserved 1099776K
  class space    used 7717K, capacity 7836K, committed 7936K, reserved 1048576K
}

